<?xml version="1.0" encoding="UTF-8"?>
<!-- Generated by org.testng.reporters.JUnitXMLReporter -->
<testsuite ignored="0" hostname="DESKTOP-IS23G8O" failures="0" tests="3" name="Default test" time="3.04" errors="0" timestamp="2023-11-25T00:03:54 IST">
  <testcase classname="Task.ApiRequest" name="getUsers" time="2.012"/>
  <testcase classname="Task.ApiRequest" name="CreateUser" time="0.618"/>
  <testcase classname="Task.ApiRequest" name="updateUser" time="0.354"/>
</testsuite> <!-- Default test -->
