<?xml version="1.0" encoding="UTF-8"?>
<testng-results ignored="0" total="3" passed="3" failed="0" skipped="0">
  <reporter-output>
  </reporter-output>
  <suite started-at="2023-11-25T00:03:51 IST" name="Default suite" finished-at="2023-11-25T00:03:54 IST" duration-ms="3040">
    <groups>
    </groups>
    <test started-at="2023-11-25T00:03:51 IST" name="Default test" finished-at="2023-11-25T00:03:54 IST" duration-ms="3040">
      <class name="Task.ApiRequest">
        <test-method signature="getUsers()[pri:1, instance:Task.ApiRequest@6572421]" started-at="2023-11-25T00:03:51 IST" name="getUsers" finished-at="2023-11-25T00:03:53 IST" duration-ms="2012" status="PASS">
          <reporter-output>
          </reporter-output>
        </test-method> <!-- getUsers -->
        <test-method signature="CreateUser()[pri:2, instance:Task.ApiRequest@6572421]" started-at="2023-11-25T00:03:53 IST" name="CreateUser" finished-at="2023-11-25T00:03:54 IST" duration-ms="618" status="PASS">
          <reporter-output>
          </reporter-output>
        </test-method> <!-- CreateUser -->
        <test-method signature="updateUser()[pri:3, instance:Task.ApiRequest@6572421]" started-at="2023-11-25T00:03:54 IST" name="updateUser" finished-at="2023-11-25T00:03:54 IST" depends-on-methods="Task.ApiRequest.CreateUser" duration-ms="354" status="PASS">
          <reporter-output>
          </reporter-output>
        </test-method> <!-- updateUser -->
      </class> <!-- Task.ApiRequest -->
    </test> <!-- Default test -->
  </suite> <!-- Default suite -->
</testng-results>
